Log file open, 03/16/19 18:32:47
LogWindows: Failed to load 'aqProf.dll' (GetLastError=126)
LogWindows: File 'aqProf.dll' does not exist
LogWindows: Failed to load 'VtuneApi.dll' (GetLastError=126)
LogWindows: File 'VtuneApi.dll' does not exist
LogWindows: Failed to load 'VtuneApi32e.dll' (GetLastError=126)
LogWindows: File 'VtuneApi32e.dll' does not exist
LogConsoleResponse: Display: Failed to find resolution value strings in scalability ini. Falling back to default.
LogInit: Display: Running engine for game: CenaPsyGame
LogPakFile: Registered encryption key '00000000000000000000000000000000': 0 pak files mounted, 0 remain pending
LogPlatformFile: Not using cached read wrapper
LogTaskGraph: Started task graph with 5 named threads and 23 total threads with 3 sets of task threads.
LogStats: Stats thread started at 0.806922
LogD3D11RHI: Loaded GFSDK_Aftermath_Lib.x64.dll
LogICUInternationalization: ICU TimeZone Detection - Raw Offset: +1:00, Platform Override: ''
LogPluginManager: Mounting plugin Paper2D
LogPluginManager: Mounting plugin AISupport
LogPluginManager: Mounting plugin LightPropagationVolume
LogPluginManager: Mounting plugin ActorLayerUtilities
LogPluginManager: Mounting plugin CLionSourceCodeAccess
LogPluginManager: Mounting plugin CodeLiteSourceCodeAccess
LogPluginManager: Mounting plugin GitSourceControl
LogPluginManager: Mounting plugin KDevelopSourceCodeAccess
LogPluginManager: Mounting plugin NullSourceCodeAccess
LogPluginManager: Mounting plugin PerforceSourceControl
LogPluginManager: Mounting plugin SubversionSourceControl
LogPluginManager: Mounting plugin UObjectPlugin
LogPluginManager: Mounting plugin VisualStudioCodeSourceCodeAccess
LogPluginManager: Mounting plugin VisualStudioSourceCodeAccess
LogPluginManager: Mounting plugin XCodeSourceCodeAccess
LogPluginManager: Mounting plugin AssetManagerEditor
LogPluginManager: Mounting plugin CryptoKeys
LogPluginManager: Mounting plugin DataValidation
LogPluginManager: Mounting plugin FacialAnimation
LogPluginManager: Mounting plugin GameplayTagsEditor
LogPluginManager: Mounting plugin MacGraphicsSwitching
LogPluginManager: Mounting plugin MeshEditor
LogPluginManager: Mounting plugin MobileLauncherProfileWizard
LogPluginManager: Mounting plugin PluginBrowser
LogPluginManager: Mounting plugin SpeedTreeImporter
LogPluginManager: Mounting plugin DatasmithContent
LogPluginManager: Mounting plugin VariantManagerContent
LogPluginManager: Mounting plugin AlembicImporter
LogPluginManager: Mounting plugin AppleImageUtils
LogPluginManager: Mounting plugin AppleVision
LogPluginManager: Mounting plugin BackChannel
LogPluginManager: Mounting plugin CharacterAI
LogPluginManager: Mounting plugin GeometryCache
LogPluginManager: Mounting plugin HTML5Networking
LogPluginManager: Mounting plugin ProxyLODPlugin
LogPluginManager: Mounting plugin MagicLeap
LogPluginManager: Mounting plugin MagicLeapMedia
LogPluginManager: Mounting plugin AndroidMedia
LogPluginManager: Mounting plugin AvfMedia
LogPluginManager: Mounting plugin ImgMedia
LogPluginManager: Mounting plugin LinearTimecode
LogPluginManager: Mounting plugin MediaCompositing
LogPluginManager: Mounting plugin MediaPlayerEditor
LogPluginManager: Mounting plugin WebMMedia
LogPluginManager: Mounting plugin WmfMedia
LogPluginManager: Mounting plugin TcpMessaging
LogPluginManager: Mounting plugin UdpMessaging
LogPluginManager: Mounting plugin ActorSequence
LogPluginManager: Mounting plugin LevelSequenceEditor
LogPluginManager: Mounting plugin MatineeToLevelSequence
LogPluginManager: Mounting plugin NetcodeUnitTest
LogPluginManager: Mounting plugin NUTUnrealEngine4
LogPluginManager: Mounting plugin OnlineSubsystemGooglePlay
LogPluginManager: Mounting plugin OnlineSubsystemIOS
LogPluginManager: Mounting plugin OnlineSubsystem
LogPluginManager: Mounting plugin OnlineSubsystemNull
LogPluginManager: Mounting plugin OnlineSubsystemUtils
LogPluginManager: Mounting plugin LauncherChunkInstaller
LogPluginManager: Mounting plugin AndroidDeviceProfileSelector
LogPluginManager: Mounting plugin AndroidMoviePlayer
LogPluginManager: Mounting plugin AndroidPermission
LogPluginManager: Mounting plugin AppleMoviePlayer
LogPluginManager: Mounting plugin ArchVisCharacter
LogPluginManager: Mounting plugin AudioCapture
LogPluginManager: Mounting plugin CableComponent
LogPluginManager: Mounting plugin CustomMeshComponent
LogPluginManager: Mounting plugin EditableMesh
LogPluginManager: Mounting plugin ExampleDeviceProfileSelector
LogPluginManager: Mounting plugin Firebase
LogPluginManager: Mounting plugin GoogleCloudMessaging
LogPluginManager: Mounting plugin IOSDeviceProfileSelector
LogPluginManager: Mounting plugin LinuxDeviceProfileSelector
LogPluginManager: Mounting plugin LocationServicesBPLibrary
LogPluginManager: Mounting plugin MobilePatchingUtils
LogPluginManager: Mounting plugin OculusVR
LogPluginManager: Mounting plugin PhysXVehicles
LogPluginManager: Mounting plugin ProceduralMeshComponent
LogPluginManager: Mounting plugin RuntimePhysXCooking
LogPluginManager: Mounting plugin SteamVR
LogPluginManager: Mounting plugin WebMMoviePlayer
LogPluginManager: Mounting plugin WindowsMoviePlayer
LogStreaming: Display: Took  0.109s to configure plugins.
LogInit: Using libcurl 7.55.1-DEV
LogInit:  - built for x86_64-pc-win32
LogInit:  - supports SSL with OpenSSL/1.0.2h
LogInit:  - supports HTTP deflate (compression) using libz 1.2.8
LogInit:  - other features:
LogInit:      CURL_VERSION_SSL
LogInit:      CURL_VERSION_LIBZ
LogInit:      CURL_VERSION_IPV6
LogInit:      CURL_VERSION_ASYNCHDNS
LogInit:      CURL_VERSION_LARGEFILE
LogInit:      CURL_VERSION_IDN
LogInit:  CurlRequestOptions (configurable via config and command line):
LogInit:  - bVerifyPeer = true  - Libcurl will verify peer certificate
LogInit:  - bUseHttpProxy = false  - Libcurl will NOT use HTTP proxy
LogInit:  - bDontReuseConnections = false  - Libcurl will reuse connections
LogInit:  - MaxHostConnections = 16  - Libcurl will limit the number of connections to a host
LogInit:  - LocalHostAddr = Default
LogInit:  - BufferSize = 65536
LogInit: WinSock: version 1.1 (2.2), MaxSocks=32767, MaxUdp=65467
LogInit: Build: ++UE4+Release-4.21-CL-4753647
LogInit: Engine Version: 4.21.2-4753647+++UE4+Release-4.21
LogInit: Compatible Engine Version: 4.21.0-4541578+++UE4+Release-4.21
LogInit: Net CL: 4541578
LogInit: OS: Windows 10 (), CPU: Intel(R) Core(TM) i7-6700HQ CPU @ 2.60GHz, GPU: Intel(R) HD Graphics 530
LogInit: Compiled (64-bit): Jan 19 2019 02:07:31
LogInit: Compiled with Visual C++: 19.13.26129.00
LogInit: Build Configuration: Development
LogInit: Branch Name: ++UE4+Release-4.21
LogInit: Command Line: 
LogInit: Base Directory: D:/Engine/UE_4.21/Engine/Binaries/Win64/
LogInit: Installed Engine Build: 1
LogDevObjectVersion: Number of dev versions registered: 22
LogDevObjectVersion:   Dev-Blueprints (B0D832E4-1F89-4F0D-ACCF-7EB736FD4AA2): 10
LogDevObjectVersion:   Dev-Build (E1C64328-A22C-4D53-A36C-8E866417BD8C): 0
LogDevObjectVersion:   Dev-Core (375EC13C-06E4-48FB-B500-84F0262A717E): 2
LogDevObjectVersion:   Dev-Editor (E4B068ED-F494-42E9-A231-DA0B2E46BB41): 26
LogDevObjectVersion:   Dev-Framework (CFFC743F-43B0-4480-9391-14DF171D2073): 34
LogDevObjectVersion:   Dev-Mobile (B02B49B5-BB20-44E9-A304-32B752E40360): 2
LogDevObjectVersion:   Dev-Networking (A4E4105C-59A1-49B5-A7C5-40C4547EDFEE): 0
LogDevObjectVersion:   Dev-Online (39C831C9-5AE6-47DC-9A44-9C173E1C8E7C): 0
LogDevObjectVersion:   Dev-Physics (78F01B33-EBEA-4F98-B9B4-84EACCB95AA2): 0
LogDevObjectVersion:   Dev-Platform (6631380F-2D4D-43E0-8009-CF276956A95A): 0
LogDevObjectVersion:   Dev-Rendering (12F88B9F-8875-4AFC-A67C-D90C383ABD29): 27
LogDevObjectVersion:   Dev-Sequencer (7B5AE74C-D270-4C10-A958-57980B212A5A): 9
LogDevObjectVersion:   Dev-VR (D7296918-1DD6-4BDD-9DE2-64A83CC13884): 2
LogDevObjectVersion:   Dev-LoadTimes (C2A15278-BFE7-4AFE-6C17-90FF531DF755): 1
LogDevObjectVersion:   Private-Geometry (6EACA3D4-40EC-4CC1-B786-8BED09428FC5): 3
LogDevObjectVersion:   Dev-AnimPhys (29E575DD-E0A3-4627-9D10-D276232CDCEA): 17
LogDevObjectVersion:   Dev-Anim (AF43A65D-7FD3-4947-9873-3E8ED9C1BB05): 2
LogDevObjectVersion:   Dev-ReflectionCapture (6B266CEC-1EC7-4B8F-A30B-E4D90942FC07): 1
LogDevObjectVersion:   Dev-Automation (0DF73D61-A23F-47EA-B727-89E90C41499A): 1
LogDevObjectVersion:   FortniteMain (601D1886-AC64-4F84-AA16-D3DE0DEAC7D6): 17
LogDevObjectVersion:   Dev-Enterprise (9DFFBCD6-494F-0158-E221-12823C92A888): 4
LogDevObjectVersion:   Dev-Niagara (F2AED0AC-9AFE-416F-8664-AA7FFA26D6FC): 1
LogStreaming: Display: Took  0.001s to delete old logs.
LogInit: Presizing for max 8388607 objects, including 0 objects not considered by GC, pre-allocating 0 bytes for permanent pool.
LogInit: Object subsystem initialized
LogConfig: Setting CVar [[con.DebugEarlyDefault:1]]
LogConfig: Setting CVar [[r.setres:1280x720]]
[2019.03.16-17.32.48:703][  0]LogConfig: Setting CVar [[r.VSync:0]]
[2019.03.16-17.32.48:703][  0]LogConfig: Setting CVar [[r.RHICmdBypass:0]]
[2019.03.16-17.32.48:704][  0]LogConfig: Applying CVar settings from Section [/Script/Engine.RendererSettings] File [D:/Proyectos/Unreal/Git/CenaPsygame/CenaPsyGame/Saved/Config/Windows/Engine.ini]
[2019.03.16-17.32.48:704][  0]LogConfig: Setting CVar [[r.GPUCrashDebugging:0]]
[2019.03.16-17.32.48:704][  0]LogConfig: Applying CVar settings from Section [/Script/Engine.RendererOverrideSettings] File [D:/Proyectos/Unreal/Git/CenaPsygame/CenaPsyGame/Saved/Config/Windows/Engine.ini]
[2019.03.16-17.32.48:704][  0]LogConfig: Applying CVar settings from Section [/Script/Engine.StreamingSettings] File [D:/Proyectos/Unreal/Git/CenaPsygame/CenaPsyGame/Saved/Config/Windows/Engine.ini]
[2019.03.16-17.32.48:704][  0]LogConfig: Setting CVar [[s.MinBulkDataSizeForAsyncLoading:131072]]
[2019.03.16-17.32.48:704][  0]LogConfig: Setting CVar [[s.AsyncLoadingThreadEnabled:0]]
[2019.03.16-17.32.48:704][  0]LogConfig: Setting CVar [[s.EventDrivenLoaderEnabled:1]]
[2019.03.16-17.32.48:704][  0]LogConfig: Setting CVar [[s.WarnIfTimeLimitExceeded:0]]
[2019.03.16-17.32.48:704][  0]LogConfig: Setting CVar [[s.TimeLimitExceededMultiplier:1.5]]
[2019.03.16-17.32.48:704][  0]LogConfig: Setting CVar [[s.TimeLimitExceededMinTime:0.005]]
[2019.03.16-17.32.48:704][  0]LogConfig: Setting CVar [[s.UseBackgroundLevelStreaming:1]]
[2019.03.16-17.32.48:704][  0]LogConfig: Setting CVar [[s.PriorityAsyncLoadingExtraTime:15.0]]
[2019.03.16-17.32.48:704][  0]LogConfig: Setting CVar [[s.LevelStreamingActorsUpdateTimeLimit:5.0]]
[2019.03.16-17.32.48:704][  0]LogConfig: Setting CVar [[s.PriorityLevelStreamingActorsUpdateExtraTime:5.0]]
[2019.03.16-17.32.48:704][  0]LogConfig: Setting CVar [[s.LevelStreamingComponentsRegistrationGranularity:10]]
[2019.03.16-17.32.48:704][  0]LogConfig: Setting CVar [[s.UnregisterComponentsTimeLimit:1.0]]
[2019.03.16-17.32.48:704][  0]LogConfig: Setting CVar [[s.LevelStreamingComponentsUnregistrationGranularity:5]]
[2019.03.16-17.32.48:704][  0]LogConfig: Applying CVar settings from Section [/Script/Engine.GarbageCollectionSettings] File [D:/Proyectos/Unreal/Git/CenaPsygame/CenaPsyGame/Saved/Config/Windows/Engine.ini]
[2019.03.16-17.32.48:704][  0]LogConfig: Setting CVar [[gc.MaxObjectsNotConsideredByGC:1]]
[2019.03.16-17.32.48:704][  0]LogConfig: Setting CVar [[gc.SizeOfPermanentObjectPool:0]]
[2019.03.16-17.32.48:704][  0]LogConfig: Setting CVar [[gc.FlushStreamingOnGC:0]]
[2019.03.16-17.32.48:704][  0]LogConfig: Setting CVar [[gc.NumRetriesBeforeForcingGC:10]]
[2019.03.16-17.32.48:704][  0]LogConfig: Setting CVar [[gc.AllowParallelGC:1]]
[2019.03.16-17.32.48:704][  0]LogConfig: Setting CVar [[gc.TimeBetweenPurgingPendingKillObjects:61.1]]
[2019.03.16-17.32.48:704][  0]LogConfig: Setting CVar [[gc.MaxObjectsInEditor:8388607]]
[2019.03.16-17.32.48:704][  0]LogConfig: Setting CVar [[gc.IncrementalBeginDestroyEnabled:1]]
[2019.03.16-17.32.48:704][  0]LogConfig: Setting CVar [[gc.CreateGCClusters:1]]
[2019.03.16-17.32.48:704][  0]LogConfig: Setting CVar [[gc.MergeGCClusters:0]]
[2019.03.16-17.32.48:704][  0]LogConfig: Setting CVar [[gc.MinGCClusterSize:5]]
[2019.03.16-17.32.48:704][  0]LogConfig: Setting CVar [[gc.ActorClusteringEnabled:0]]
[2019.03.16-17.32.48:704][  0]LogConfig: Setting CVar [[gc.BlueprintClusteringEnabled:0]]
[2019.03.16-17.32.48:704][  0]LogConfig: Setting CVar [[gc.UseDisregardForGCOnDedicatedServers:0]]
[2019.03.16-17.32.48:704][  0]LogConfig: Applying CVar settings from Section [/Script/Engine.NetworkSettings] File [D:/Proyectos/Unreal/Git/CenaPsygame/CenaPsyGame/Saved/Config/Windows/Engine.ini]
[2019.03.16-17.32.48:704][  0]LogConfig: Applying CVar settings from Section [/Script/UnrealEd.CookerSettings] File [D:/Proyectos/Unreal/Git/CenaPsygame/CenaPsyGame/Saved/Config/Windows/Engine.ini]
[2019.03.16-17.32.48:719][  0]LogConfig: Applying CVar settings from Section [ViewDistanceQuality@3] File [D:/Proyectos/Unreal/Git/CenaPsygame/CenaPsyGame/Saved/Config/Windows/Scalability.ini]
[2019.03.16-17.32.48:719][  0]LogConfig: Setting CVar [[r.SkeletalMeshLODBias:0]]
[2019.03.16-17.32.48:719][  0]LogConfig: Setting CVar [[r.ViewDistanceScale:1.0]]
[2019.03.16-17.32.48:719][  0]LogConfig: Applying CVar settings from Section [AntiAliasingQuality@3] File [D:/Proyectos/Unreal/Git/CenaPsygame/CenaPsyGame/Saved/Config/Windows/Scalability.ini]
[2019.03.16-17.32.48:719][  0]LogConfig: Setting CVar [[r.PostProcessAAQuality:4]]
[2019.03.16-17.32.48:719][  0]LogConfig: Applying CVar settings from Section [ShadowQuality@3] File [D:/Proyectos/Unreal/Git/CenaPsygame/CenaPsyGame/Saved/Config/Windows/Scalability.ini]
[2019.03.16-17.32.48:719][  0]LogConfig: Setting CVar [[r.LightFunctionQuality:1]]
[2019.03.16-17.32.48:719][  0]LogConfig: Setting CVar [[r.ShadowQuality:5]]
[2019.03.16-17.32.48:719][  0]LogConfig: Setting CVar [[r.Shadow.CSM.MaxCascades:10]]
[2019.03.16-17.32.48:719][  0]LogConfig: Setting CVar [[r.Shadow.MaxResolution:2048]]
[2019.03.16-17.32.48:719][  0]LogConfig: Setting CVar [[r.Shadow.MaxCSMResolution:2048]]
[2019.03.16-17.32.48:720][  0]LogConfig: Setting CVar [[r.Shadow.RadiusThreshold:0.01]]
[2019.03.16-17.32.48:720][  0]LogConfig: Setting CVar [[r.Shadow.DistanceScale:1.0]]
[2019.03.16-17.32.48:720][  0]LogConfig: Setting CVar [[r.Shadow.CSM.TransitionScale:1.0]]
[2019.03.16-17.32.48:720][  0]LogConfig: Setting CVar [[r.Shadow.PreShadowResolutionFactor:1.0]]
[2019.03.16-17.32.48:720][  0]LogConfig: Setting CVar [[r.DistanceFieldShadowing:1]]
[2019.03.16-17.32.48:720][  0]LogConfig: Setting CVar [[r.DistanceFieldAO:1]]
[2019.03.16-17.32.48:720][  0]LogConfig: Setting CVar [[r.AOQuality:2]]
[2019.03.16-17.32.48:720][  0]LogConfig: Setting CVar [[r.VolumetricFog:1]]
[2019.03.16-17.32.48:720][  0]LogConfig: Setting CVar [[r.VolumetricFog.GridPixelSize:8]]
[2019.03.16-17.32.48:720][  0]LogConfig: Setting CVar [[r.VolumetricFog.GridSizeZ:128]]
[2019.03.16-17.32.48:720][  0]LogConfig: Setting CVar [[r.VolumetricFog.HistoryMissSupersampleCount:4]]
[2019.03.16-17.32.48:720][  0]LogConfig: Setting CVar [[r.LightMaxDrawDistanceScale:1]]
[2019.03.16-17.32.48:720][  0]LogConfig: Setting CVar [[r.CapsuleShadows:1]]
[2019.03.16-17.32.48:720][  0]LogConfig: Applying CVar settings from Section [PostProcessQuality@3] File [D:/Proyectos/Unreal/Git/CenaPsygame/CenaPsyGame/Saved/Config/Windows/Scalability.ini]
[2019.03.16-17.32.48:720][  0]LogConfig: Setting CVar [[r.MotionBlurQuality:4]]
[2019.03.16-17.32.48:720][  0]LogConfig: Setting CVar [[r.AmbientOcclusionMipLevelFactor:0.4]]
[2019.03.16-17.32.48:720][  0]LogConfig: Setting CVar [[r.AmbientOcclusionMaxQuality:100]]
[2019.03.16-17.32.48:720][  0]LogConfig: Setting CVar [[r.AmbientOcclusionLevels:-1]]
[2019.03.16-17.32.48:720][  0]LogConfig: Setting CVar [[r.AmbientOcclusionRadiusScale:1.0]]
[2019.03.16-17.32.48:720][  0]LogConfig: Setting CVar [[r.DepthOfFieldQuality:2]]
[2019.03.16-17.32.48:720][  0]LogConfig: Setting CVar [[r.RenderTargetPoolMin:400]]
[2019.03.16-17.32.48:720][  0]LogConfig: Setting CVar [[r.LensFlareQuality:2]]
[2019.03.16-17.32.48:720][  0]LogConfig: Setting CVar [[r.SceneColorFringeQuality:1]]
[2019.03.16-17.32.48:720][  0]LogConfig: Setting CVar [[r.EyeAdaptationQuality:2]]
[2019.03.16-17.32.48:720][  0]LogConfig: Setting CVar [[r.BloomQuality:5]]
[2019.03.16-17.32.48:720][  0]LogConfig: Setting CVar [[r.FastBlurThreshold:100]]
[2019.03.16-17.32.48:720][  0]LogConfig: Setting CVar [[r.Upscale.Quality:3]]
[2019.03.16-17.32.48:720][  0]LogConfig: Setting CVar [[r.Tonemapper.GrainQuantization:1]]
[2019.03.16-17.32.48:720][  0]LogConfig: Setting CVar [[r.LightShaftQuality:1]]
[2019.03.16-17.32.48:720][  0]LogConfig: Setting CVar [[r.Filter.SizeScale:1]]
[2019.03.16-17.32.48:720][  0]LogConfig: Setting CVar [[r.Tonemapper.Quality:5]]
[2019.03.16-17.32.48:720][  0]LogConfig: Setting CVar [[r.DOF.Gather.AccumulatorQuality:1        ; higher gathering accumulator quality]]
[2019.03.16-17.32.48:720][  0]LogConfig: Setting CVar [[r.DOF.Gather.PostfilterMethod:1          ; Median3x3 postfilering method]]
[2019.03.16-17.32.48:720][  0]LogConfig: Setting CVar [[r.DOF.Gather.EnableBokehSettings:0       ; no bokeh simulation when gathering]]
[2019.03.16-17.32.48:720][  0]LogConfig: Setting CVar [[r.DOF.Gather.RingCount:4                 ; medium number of samples when gathering]]
[2019.03.16-17.32.48:720][  0]LogConfig: Setting CVar [[r.DOF.Scatter.ForegroundCompositing:1    ; additive foreground scattering]]
[2019.03.16-17.32.48:720][  0]LogConfig: Setting CVar [[r.DOF.Scatter.BackgroundCompositing:2    ; additive background scattering]]
[2019.03.16-17.32.48:720][  0]LogConfig: Setting CVar [[r.DOF.Scatter.EnableBokehSettings:1      ; bokeh simulation when scattering]]
[2019.03.16-17.32.48:720][  0]LogConfig: Setting CVar [[r.DOF.Scatter.MaxSpriteRatio:0.1         ; only a maximum of 10% of scattered bokeh]]
[2019.03.16-17.32.48:720][  0]LogConfig: Setting CVar [[r.DOF.Recombine.Quality:1                ; cheap slight out of focus]]
[2019.03.16-17.32.48:720][  0]LogConfig: Setting CVar [[r.DOF.Recombine.EnableBokehSettings:0    ; no bokeh simulation on slight out of focus]]
[2019.03.16-17.32.48:720][  0]LogConfig: Setting CVar [[r.DOF.TemporalAAQuality:1                ; more stable temporal accumulation]]
[2019.03.16-17.32.48:720][  0]LogConfig: Setting CVar [[r.DOF.Kernel.MaxForegroundRadius:0.025]]
[2019.03.16-17.32.48:720][  0]LogConfig: Setting CVar [[r.DOF.Kernel.MaxBackgroundRadius:0.025]]
[2019.03.16-17.32.48:720][  0]LogConfig: Applying CVar settings from Section [TextureQuality@3] File [D:/Proyectos/Unreal/Git/CenaPsygame/CenaPsyGame/Saved/Config/Windows/Scalability.ini]
[2019.03.16-17.32.48:720][  0]LogConfig: Setting CVar [[r.Streaming.MipBias:0]]
[2019.03.16-17.32.48:720][  0]LogConfig: Setting CVar [[r.Streaming.AmortizeCPUToGPUCopy:0]]
[2019.03.16-17.32.48:720][  0]LogConfig: Setting CVar [[r.Streaming.MaxNumTexturesToStreamPerFrame:0]]
[2019.03.16-17.32.48:720][  0]LogConfig: Setting CVar [[r.Streaming.Boost:1]]
[2019.03.16-17.32.48:720][  0]LogConfig: Setting CVar [[r.MaxAnisotropy:8]]
[2019.03.16-17.32.48:720][  0]LogConfig: Setting CVar [[r.Streaming.LimitPoolSizeToVRAM:0]]
[2019.03.16-17.32.48:720][  0]LogConfig: Setting CVar [[r.Streaming.PoolSize:1000]]
[2019.03.16-17.32.48:720][  0]LogConfig: Setting CVar [[r.Streaming.MaxEffectiveScreenSize:0]]
[2019.03.16-17.32.48:720][  0]LogConfig: Applying CVar settings from Section [EffectsQuality@3] File [D:/Proyectos/Unreal/Git/CenaPsygame/CenaPsyGame/Saved/Config/Windows/Scalability.ini]
[2019.03.16-17.32.48:720][  0]LogConfig: Setting CVar [[r.TranslucencyLightingVolumeDim:64]]
[2019.03.16-17.32.48:720][  0]LogConfig: Setting CVar [[r.RefractionQuality:2]]
[2019.03.16-17.32.48:720][  0]LogConfig: Setting CVar [[r.SSR.Quality:3]]
[2019.03.16-17.32.48:720][  0]LogConfig: Setting CVar [[r.SceneColorFormat:4]]
[2019.03.16-17.32.48:720][  0]LogConfig: Setting CVar [[r.DetailMode:2]]
[2019.03.16-17.32.48:721][  0]LogConfig: Setting CVar [[r.TranslucencyVolumeBlur:1]]
[2019.03.16-17.32.48:721][  0]LogConfig: Setting CVar [[r.MaterialQualityLevel:1 ; High quality]]
[2019.03.16-17.32.48:721][  0]LogConfig: Setting CVar [[r.SSS.Scale:1]]
[2019.03.16-17.32.48:721][  0]LogConfig: Setting CVar [[r.SSS.SampleSet:2]]
[2019.03.16-17.32.48:721][  0]LogConfig: Setting CVar [[r.SSS.Quality:1]]
[2019.03.16-17.32.48:721][  0]LogConfig: Setting CVar [[r.SSS.HalfRes:1]]
[2019.03.16-17.32.48:721][  0]LogConfig: Setting CVar [[r.EmitterSpawnRateScale:1.0]]
[2019.03.16-17.32.48:721][  0]LogConfig: Setting CVar [[r.ParticleLightQuality:2]]
[2019.03.16-17.32.48:721][  0]LogConfig: Applying CVar settings from Section [FoliageQuality@3] File [D:/Proyectos/Unreal/Git/CenaPsygame/CenaPsyGame/Saved/Config/Windows/Scalability.ini]
[2019.03.16-17.32.48:721][  0]LogConfig: Setting CVar [[foliage.DensityScale:1.0]]
[2019.03.16-17.32.48:721][  0]LogConfig: Setting CVar [[grass.DensityScale:1.0]]
[2019.03.16-17.32.48:722][  0]LogInit: Selected Device Profile: [Windows]
[2019.03.16-17.32.48:722][  0]LogInit: Applying CVar settings loaded from the selected device profile: [Windows]
[2019.03.16-17.32.48:749][  0]LogHAL: Display: Platform has ~ 8 GB [8409358336 / 8589934592 / 8], which maps to Default [LargestMinGB=32, LargerMinGB=12, DefaultMinGB=8, SmallerMinGB=6, SmallestMinGB=0)
[2019.03.16-17.32.48:750][  0]LogConfig: Setting CVar [[r.Vulkan.UseRealUBs:1]]
[2019.03.16-17.32.48:751][  0]LogInit: Going up to parent DeviceProfile []
[2019.03.16-17.32.48:751][  0]LogConfig: Applying CVar settings from Section [ViewDistanceQuality@3] File [D:/Proyectos/Unreal/Git/CenaPsygame/CenaPsyGame/Saved/Config/Windows/Scalability.ini]
[2019.03.16-17.32.48:751][  0]LogConfig: Setting CVar [[r.SkeletalMeshLODBias:0]]
[2019.03.16-17.32.48:751][  0]LogConfig: Setting CVar [[r.ViewDistanceScale:1.0]]
[2019.03.16-17.32.48:751][  0]LogConfig: Applying CVar settings from Section [AntiAliasingQuality@3] File [D:/Proyectos/Unreal/Git/CenaPsygame/CenaPsyGame/Saved/Config/Windows/Scalability.ini]
[2019.03.16-17.32.48:751][  0]LogConfig: Setting CVar [[r.PostProcessAAQuality:4]]
[2019.03.16-17.32.48:751][  0]LogConfig: Applying CVar settings from Section [ShadowQuality@3] File [D:/Proyectos/Unreal/Git/CenaPsygame/CenaPsyGame/Saved/Config/Windows/Scalability.ini]
[2019.03.16-17.32.48:751][  0]LogConfig: Setting CVar [[r.LightFunctionQuality:1]]
[2019.03.16-17.32.48:751][  0]LogConfig: Setting CVar [[r.ShadowQuality:5]]
[2019.03.16-17.32.48:751][  0]LogConfig: Setting CVar [[r.Shadow.CSM.MaxCascades:10]]
[2019.03.16-17.32.48:751][  0]LogConfig: Setting CVar [[r.Shadow.MaxResolution:2048]]
[2019.03.16-17.32.48:751][  0]LogConfig: Setting CVar [[r.Shadow.MaxCSMResolution:2048]]
[2019.03.16-17.32.48:751][  0]LogConfig: Setting CVar [[r.Shadow.RadiusThreshold:0.01]]
[2019.03.16-17.32.48:751][  0]LogConfig: Setting CVar [[r.Shadow.DistanceScale:1.0]]
[2019.03.16-17.32.48:751][  0]LogConfig: Setting CVar [[r.Shadow.CSM.TransitionScale:1.0]]
[2019.03.16-17.32.48:751][  0]LogConfig: Setting CVar [[r.Shadow.PreShadowResolutionFactor:1.0]]
[2019.03.16-17.32.48:751][  0]LogConfig: Setting CVar [[r.DistanceFieldShadowing:1]]
[2019.03.16-17.32.48:751][  0]LogConfig: Setting CVar [[r.DistanceFieldAO:1]]
[2019.03.16-17.32.48:751][  0]LogConfig: Setting CVar [[r.AOQuality:2]]
[2019.03.16-17.32.48:751][  0]LogConfig: Setting CVar [[r.VolumetricFog:1]]
[2019.03.16-17.32.48:751][  0]LogConfig: Setting CVar [[r.VolumetricFog.GridPixelSize:8]]
[2019.03.16-17.32.48:751][  0]LogConfig: Setting CVar [[r.VolumetricFog.GridSizeZ:128]]
[2019.03.16-17.32.48:751][  0]LogConfig: Setting CVar [[r.VolumetricFog.HistoryMissSupersampleCount:4]]
[2019.03.16-17.32.48:751][  0]LogConfig: Setting CVar [[r.LightMaxDrawDistanceScale:1]]
[2019.03.16-17.32.48:751][  0]LogConfig: Setting CVar [[r.CapsuleShadows:1]]
[2019.03.16-17.32.48:751][  0]LogConfig: Applying CVar settings from Section [PostProcessQuality@3] File [D:/Proyectos/Unreal/Git/CenaPsygame/CenaPsyGame/Saved/Config/Windows/Scalability.ini]
[2019.03.16-17.32.48:751][  0]LogConfig: Setting CVar [[r.MotionBlurQuality:4]]
[2019.03.16-17.32.48:751][  0]LogConfig: Setting CVar [[r.AmbientOcclusionMipLevelFactor:0.4]]
[2019.03.16-17.32.48:751][  0]LogConfig: Setting CVar [[r.AmbientOcclusionMaxQuality:100]]
[2019.03.16-17.32.48:751][  0]LogConfig: Setting CVar [[r.AmbientOcclusionLevels:-1]]
[2019.03.16-17.32.48:751][  0]LogConfig: Setting CVar [[r.AmbientOcclusionRadiusScale:1.0]]
[2019.03.16-17.32.48:751][  0]LogConfig: Setting CVar [[r.DepthOfFieldQuality:2]]
[2019.03.16-17.32.48:751][  0]LogConfig: Setting CVar [[r.RenderTargetPoolMin:400]]
[2019.03.16-17.32.48:751][  0]LogConfig: Setting CVar [[r.LensFlareQuality:2]]
[2019.03.16-17.32.48:751][  0]LogConfig: Setting CVar [[r.SceneColorFringeQuality:1]]
[2019.03.16-17.32.48:751][  0]LogConfig: Setting CVar [[r.EyeAdaptationQuality:2]]
[2019.03.16-17.32.48:751][  0]LogConfig: Setting CVar [[r.BloomQuality:5]]
[2019.03.16-17.32.48:752][  0]LogConfig: Setting CVar [[r.FastBlurThreshold:100]]
[2019.03.16-17.32.48:752][  0]LogConfig: Setting CVar [[r.Upscale.Quality:3]]
[2019.03.16-17.32.48:752][  0]LogConfig: Setting CVar [[r.Tonemapper.GrainQuantization:1]]
[2019.03.16-17.32.48:752][  0]LogConfig: Setting CVar [[r.LightShaftQuality:1]]
[2019.03.16-17.32.48:752][  0]LogConfig: Setting CVar [[r.Filter.SizeScale:1]]
[2019.03.16-17.32.48:752][  0]LogConfig: Setting CVar [[r.Tonemapper.Quality:5]]
[2019.03.16-17.32.48:752][  0]LogConfig: Setting CVar [[r.DOF.Gather.AccumulatorQuality:1        ; higher gathering accumulator quality]]
[2019.03.16-17.32.48:752][  0]LogConfig: Setting CVar [[r.DOF.Gather.PostfilterMethod:1          ; Median3x3 postfilering method]]
[2019.03.16-17.32.48:752][  0]LogConfig: Setting CVar [[r.DOF.Gather.EnableBokehSettings:0       ; no bokeh simulation when gathering]]
[2019.03.16-17.32.48:752][  0]LogConfig: Setting CVar [[r.DOF.Gather.RingCount:4                 ; medium number of samples when gathering]]
[2019.03.16-17.32.48:752][  0]LogConfig: Setting CVar [[r.DOF.Scatter.ForegroundCompositing:1    ; additive foreground scattering]]
[2019.03.16-17.32.48:752][  0]LogConfig: Setting CVar [[r.DOF.Scatter.BackgroundCompositing:2    ; additive background scattering]]
[2019.03.16-17.32.48:752][  0]LogConfig: Setting CVar [[r.DOF.Scatter.EnableBokehSettings:1      ; bokeh simulation when scattering]]
[2019.03.16-17.32.48:752][  0]LogConfig: Setting CVar [[r.DOF.Scatter.MaxSpriteRatio:0.1         ; only a maximum of 10% of scattered bokeh]]
[2019.03.16-17.32.48:752][  0]LogConfig: Setting CVar [[r.DOF.Recombine.Quality:1                ; cheap slight out of focus]]
[2019.03.16-17.32.48:752][  0]LogConfig: Setting CVar [[r.DOF.Recombine.EnableBokehSettings:0    ; no bokeh simulation on slight out of focus]]
[2019.03.16-17.32.48:752][  0]LogConfig: Setting CVar [[r.DOF.TemporalAAQuality:1                ; more stable temporal accumulation]]
[2019.03.16-17.32.48:752][  0]LogConfig: Setting CVar [[r.DOF.Kernel.MaxForegroundRadius:0.025]]
[2019.03.16-17.32.48:752][  0]LogConfig: Setting CVar [[r.DOF.Kernel.MaxBackgroundRadius:0.025]]
[2019.03.16-17.32.48:752][  0]LogConfig: Applying CVar settings from Section [TextureQuality@3] File [D:/Proyectos/Unreal/Git/CenaPsygame/CenaPsyGame/Saved/Config/Windows/Scalability.ini]
[2019.03.16-17.32.48:752][  0]LogConfig: Setting CVar [[r.Streaming.MipBias:0]]
[2019.03.16-17.32.48:752][  0]LogConfig: Setting CVar [[r.Streaming.AmortizeCPUToGPUCopy:0]]
[2019.03.16-17.32.48:752][  0]LogConfig: Setting CVar [[r.Streaming.MaxNumTexturesToStreamPerFrame:0]]
[2019.03.16-17.32.48:752][  0]LogConfig: Setting CVar [[r.Streaming.Boost:1]]
[2019.03.16-17.32.48:752][  0]LogConfig: Setting CVar [[r.MaxAnisotropy:8]]
[2019.03.16-17.32.48:752][  0]LogConfig: Setting CVar [[r.Streaming.LimitPoolSizeToVRAM:0]]
[2019.03.16-17.32.48:752][  0]LogConfig: Setting CVar [[r.Streaming.PoolSize:1000]]
[2019.03.16-17.32.48:752][  0]LogConfig: Setting CVar [[r.Streaming.MaxEffectiveScreenSize:0]]
[2019.03.16-17.32.48:752][  0]LogConfig: Applying CVar settings from Section [EffectsQuality@3] File [D:/Proyectos/Unreal/Git/CenaPsygame/CenaPsyGame/Saved/Config/Windows/Scalability.ini]
[2019.03.16-17.32.48:752][  0]LogConfig: Setting CVar [[r.TranslucencyLightingVolumeDim:64]]
[2019.03.16-17.32.48:752][  0]LogConfig: Setting CVar [[r.RefractionQuality:2]]
[2019.03.16-17.32.48:752][  0]LogConfig: Setting CVar [[r.SSR.Quality:3]]
[2019.03.16-17.32.48:752][  0]LogConfig: Setting CVar [[r.SceneColorFormat:4]]
[2019.03.16-17.32.48:752][  0]LogConfig: Setting CVar [[r.DetailMode:2]]
[2019.03.16-17.32.48:752][  0]LogConfig: Setting CVar [[r.TranslucencyVolumeBlur:1]]
[2019.03.16-17.32.48:752][  0]LogConfig: Setting CVar [[r.MaterialQualityLevel:1 ; High quality]]
[2019.03.16-17.32.48:752][  0]LogConfig: Setting CVar [[r.SSS.Scale:1]]
[2019.03.16-17.32.48:752][  0]LogConfig: Setting CVar [[r.SSS.SampleSet:2]]
[2019.03.16-17.32.48:752][  0]LogConfig: Setting CVar [[r.SSS.Quality:1]]
[2019.03.16-17.32.48:752][  0]LogConfig: Setting CVar [[r.SSS.HalfRes:1]]
[2019.03.16-17.32.48:752][  0]LogConfig: Setting CVar [[r.EmitterSpawnRateScale:1.0]]
[2019.03.16-17.32.48:752][  0]LogConfig: Setting CVar [[r.ParticleLightQuality:2]]
[2019.03.16-17.32.48:752][  0]LogConfig: Applying CVar settings from Section [FoliageQuality@3] File [D:/Proyectos/Unreal/Git/CenaPsygame/CenaPsyGame/Saved/Config/Windows/Scalability.ini]
[2019.03.16-17.32.48:752][  0]LogConfig: Setting CVar [[foliage.DensityScale:1.0]]
[2019.03.16-17.32.48:752][  0]LogConfig: Setting CVar [[grass.DensityScale:1.0]]
[2019.03.16-17.32.48:752][  0]LogConfig: Applying CVar settings from Section [Startup] File [../../../Engine/Config/ConsoleVariables.ini]
[2019.03.16-17.32.48:758][  0]LogConfig: Setting CVar [[net.UseAdaptiveNetUpdateFrequency:0]]
[2019.03.16-17.32.48:758][  0]LogConfig: Applying CVar settings from Section [ConsoleVariables] File [D:/Proyectos/Unreal/Git/CenaPsygame/CenaPsyGame/Saved/Config/Windows/Engine.ini]
[2019.03.16-17.32.48:759][  0]LogInit: Computer: DESKTOP-RDCR997
[2019.03.16-17.32.48:759][  0]LogInit: User: davir
[2019.03.16-17.32.48:759][  0]LogInit: CPU Page size=4096, Cores=4
[2019.03.16-17.32.48:759][  0]LogInit: High frequency timer resolution =2.531249 MHz
[2019.03.16-17.32.48:760][  0]LogMemory: Memory total: Physical=7.8GB (8GB approx)
[2019.03.16-17.32.48:760][  0]LogMemory: Platform Memory Stats for Windows
[2019.03.16-17.32.48:760][  0]LogMemory: Process Physical Memory: 102.25 MB used, 102.25 MB peak
[2019.03.16-17.32.48:760][  0]LogMemory: Process Virtual Memory: 91.30 MB used, 91.30 MB peak
[2019.03.16-17.32.48:760][  0]LogMemory: Physical Memory: 5137.43 MB used,  2882.36 MB free, 8019.79 MB total
[2019.03.16-17.32.48:760][  0]LogMemory: Virtual Memory: 4647.92 MB used,  134213080.00 MB free, 134217728.00 MB total
[2019.03.16-17.32.49:023][  0]LogInit: Overriding language with editor language configuration option (en).
[2019.03.16-17.32.49:023][  0]LogInit: Overriding locale with editor locale configuration option (en).
[2019.03.16-17.32.49:681][  0]LogStreaming: Display: Took  0.659s to InitEngineTextLocalization.
[2019.03.16-17.32.49:682][  0]LogInit: Setting process to per monitor DPI aware
[2019.03.16-17.32.49:866][  0]LogSlate: New Slate User Created.  User Index 0, Is Virtual User: 0
[2019.03.16-17.32.49:866][  0]LogSlate: Slate User Registered.  User Index 0, Is Virtual User: 0
[2019.03.16-17.32.52:826][  0]LogHMD: Failed to initialize OpenVR with code 110
[2019.03.16-17.32.52:826][  0]LogD3D11RHI: D3D11 adapters:
[2019.03.16-17.32.53:338][  0]LogD3D11RHI:    0. 'NVIDIA GeForce GTX 960M' (Feature Level 11_0)
[2019.03.16-17.32.53:338][  0]LogD3D11RHI:       2010/0/4009 MB DedicatedVideo/DedicatedSystem/SharedSystem, Outputs:2, VendorId:0x10de
[2019.03.16-17.32.53:366][  0]LogD3D11RHI:    1. 'Intel(R) HD Graphics 530' (Feature Level 11_0)
[2019.03.16-17.32.53:366][  0]LogD3D11RHI:       128/0/4009 MB DedicatedVideo/DedicatedSystem/SharedSystem, Outputs:0, VendorId:0x8086
[2019.03.16-17.32.53:371][  0]LogD3D11RHI:    2. 'Microsoft Basic Render Driver' (Feature Level 11_0)
[2019.03.16-17.32.53:371][  0]LogD3D11RHI:       0/0/4009 MB DedicatedVideo/DedicatedSystem/SharedSystem, Outputs:0, VendorId:0x1414
[2019.03.16-17.32.53:371][  0]LogD3D11RHI: Chosen D3D11 Adapter: 0
[2019.03.16-17.32.53:417][  0]LogD3D11RHI: Creating new Direct3DDevice
[2019.03.16-17.32.53:417][  0]LogD3D11RHI:     GPU DeviceId: 0x139b (for the marketing name, search the web for "GPU Device Id")
[2019.03.16-17.32.53:417][  0]LogWindows: EnumDisplayDevices:
[2019.03.16-17.32.53:417][  0]LogWindows:    0. 'Intel(R) HD Graphics 530' (P:1 D:1)
[2019.03.16-17.32.53:418][  0]LogWindows:    1. 'Intel(R) HD Graphics 530' (P:0 D:1)
[2019.03.16-17.32.53:418][  0]LogWindows:    2. 'Intel(R) HD Graphics 530' (P:0 D:0)
[2019.03.16-17.32.53:418][  0]LogWindows: DebugString: PrimaryIsNotTheChoosenAdapter PrimaryIsNotTheChoosenAdapter PrimaryIsNotTheChoosenAdapter FoundDriverCount:0 
[2019.03.16-17.32.53:418][  0]LogD3D11RHI:     Adapter Name: NVIDIA GeForce GTX 960M
[2019.03.16-17.32.53:418][  0]LogD3D11RHI:   Driver Version: Unknown (internal:Unknown, unified:Unknown)
[2019.03.16-17.32.53:418][  0]LogD3D11RHI:      Driver Date: Unknown
[2019.03.16-17.32.53:419][  0]LogRHI: Texture pool is 1407 MB (70% of 2010 MB)
[2019.03.16-17.32.53:474][  0]LogD3D11RHI: Async texture creation enabled
[2019.03.16-17.32.53:508][  0]LogD3D11RHI: GPU Timing Frequency: 1000.000000 (Debug: 2 2)
[2019.03.16-17.32.54:203][  0]LogTemp: Display: Loaded TP AllDesktopTargetPlatform
[2019.03.16-17.32.54:230][  0]LogTemp: Display: Loaded TP MacClientTargetPlatform
[2019.03.16-17.32.54:260][  0]LogTemp: Display: Loaded TP MacNoEditorTargetPlatform
[2019.03.16-17.32.54:287][  0]LogTemp: Display: Loaded TP MacServerTargetPlatform
[2019.03.16-17.32.54:318][  0]LogTemp: Display: Loaded TP MacTargetPlatform
[2019.03.16-17.32.54:346][  0]LogTemp: Display: Loaded TP WindowsClientTargetPlatform
[2019.03.16-17.32.54:372][  0]LogTemp: Display: Loaded TP WindowsNoEditorTargetPlatform
[2019.03.16-17.32.54:400][  0]LogTemp: Display: Loaded TP WindowsServerTargetPlatform
[2019.03.16-17.32.54:418][  0]LogTemp: Display: Loaded TP WindowsTargetPlatform
[2019.03.16-17.32.54:534][  0]LogTemp: Display: Loaded TP AndroidTargetPlatform
[2019.03.16-17.32.54:534][  0]LogTemp: Display: Loaded TP AndroidTargetPlatform
[2019.03.16-17.32.54:534][  0]LogTemp: Display: Loaded TP AndroidTargetPlatform
[2019.03.16-17.32.54:534][  0]LogTemp: Display: Loaded TP AndroidTargetPlatform
[2019.03.16-17.32.54:534][  0]LogTemp: Display: Loaded TP AndroidTargetPlatform
[2019.03.16-17.32.54:534][  0]LogTemp: Display: Loaded TP AndroidTargetPlatform
[2019.03.16-17.32.54:534][  0]LogTemp: Display: Loaded TP AndroidTargetPlatform
[2019.03.16-17.32.54:534][  0]LogTemp: Display: Loaded TP AndroidTargetPlatform
[2019.03.16-17.32.54:534][  0]LogTemp: Display: Loaded TP AndroidTargetPlatform
[2019.03.16-17.32.54:534][  0]LogTemp: Display: Loaded TP AndroidTargetPlatform
[2019.03.16-17.32.54:534][  0]LogTemp: Display: Loaded TP AndroidTargetPlatform
[2019.03.16-17.32.54:534][  0]LogTemp: Display: Loaded TP AndroidTargetPlatform
[2019.03.16-17.32.54:534][  0]LogTemp: Display: Loaded TP AndroidTargetPlatform
[2019.03.16-17.32.54:534][  0]LogTemp: Display: Loaded TP AndroidTargetPlatform
[2019.03.16-17.32.54:534][  0]LogTemp: Display: Loaded TP AndroidTargetPlatform
[2019.03.16-17.32.54:534][  0]LogTemp: Display: Loaded TP AndroidTargetPlatform
[2019.03.16-17.32.54:534][  0]LogTemp: Display: Loaded TP AndroidTargetPlatform
[2019.03.16-17.32.54:534][  0]LogTemp: Display: Loaded TP AndroidTargetPlatform
[2019.03.16-17.32.54:548][  0]LogTemp: Display: Loaded TP HTML5TargetPlatform
[2019.03.16-17.32.54:657][  0]LogTemp: Display: Loaded TP IOSTargetPlatform
[2019.03.16-17.32.54:657][  0]LogTemp: Display: Loaded TP IOSTargetPlatform
[2019.03.16-17.32.54:693][  0]LogTemp: Display: Loaded TP TVOSTargetPlatform
[2019.03.16-17.32.54:693][  0]LogTemp: Display: Loaded TP TVOSTargetPlatform
[2019.03.16-17.32.54:719][  0]LogTemp: Display: Loaded TP LinuxClientTargetPlatform
[2019.03.16-17.32.54:745][  0]LogTemp: Display: Loaded TP LinuxNoEditorTargetPlatform
[2019.03.16-17.32.54:771][  0]LogTemp: Display: Loaded TP LinuxServerTargetPlatform
[2019.03.16-17.32.54:805][  0]LogTemp: Display: Loaded TP LinuxTargetPlatform
[2019.03.16-17.32.54:868][  0]LogTemp: Display: Loaded TP LuminTargetPlatform
[2019.03.16-17.32.54:869][  0]LogTemp: Display: Loaded TP LuminTargetPlatform
[2019.03.16-17.32.54:869][  0]LogTargetPlatformManager: Display: Building Assets For Windows
[2019.03.16-17.32.55:244][  0]LogShaderCompilers: Guid format shader working directory is -14 characters bigger than the processId version (../../../../../Proyectos/Unreal/Git/CenaPsygame/CenaPsyGame/Intermediate/Shaders/WorkingDirectory/12876/).
[2019.03.16-17.32.55:244][  0]LogShaderCompilers: Cleaned the shader compiler working directory 'C:/Users/davir/AppData/Local/Temp/UnrealShaderWorkingDir/227A3C8D44E80A51FBC7409B4DAED91A/'.
[2019.03.16-17.32.55:247][  0]LogXGEController: Cleaning working directory: C:/Users/davir/AppData/Local/Temp/UnrealXGEWorkingDir/
[2019.03.16-17.32.55:258][  0]LogShaderCompilers: Display: Using XGE Shader Compiler (Interception Interface).
[2019.03.16-17.32.57:446][  0]LogDerivedDataCache: Display: Max Cache Size: 512 MB
[2019.03.16-17.32.57:572][  0]LogDerivedDataCache: Loaded boot cache 0.13s 81MB C:/Users/davir/AppData/Local/UnrealEngine/4.21/DerivedDataCache/Boot.ddc.
[2019.03.16-17.32.57:572][  0]LogDerivedDataCache: Display: Loaded Boot cache: C:/Users/davir/AppData/Local/UnrealEngine/4.21/DerivedDataCache/Boot.ddc
[2019.03.16-17.32.57:572][  0]LogDerivedDataCache: FDerivedDataBackendGraph:  Pak pak cache file ../../../../../Proyectos/Unreal/Git/CenaPsygame/CenaPsyGame/DerivedDataCache/DDC.ddp not found, will not use a pak cache.
[2019.03.16-17.32.57:572][  0]LogDerivedDataCache: Unable to find inner node Pak for hierarchical cache Hierarchy.
[2019.03.16-17.32.57:572][  0]LogDerivedDataCache: FDerivedDataBackendGraph:  CompressedPak pak cache file ../../../../../Proyectos/Unreal/Git/CenaPsygame/CenaPsyGame/DerivedDataCache/Compressed.ddp not found, will not use a pak cache.
[2019.03.16-17.32.57:572][  0]LogDerivedDataCache: Unable to find inner node CompressedPak for hierarchical cache Hierarchy.
[2019.03.16-17.32.57:598][  0]LogDerivedDataCache: Display: Pak cache opened for reading ../../../Engine/DerivedDataCache/Compressed.ddp.
[2019.03.16-17.32.57:598][  0]LogDerivedDataCache: FDerivedDataBackendGraph:  EnterprisePak pak cache file ../../../Enterprise/DerivedDataCache/Compressed.ddp not found, will not use a pak cache.
[2019.03.16-17.32.57:598][  0]LogDerivedDataCache: Unable to find inner node EnterprisePak for hierarchical cache Hierarchy.
[2019.03.16-17.32.57:611][  0]LogDerivedDataCache: Using Local data cache path C:/Users/davir/AppData/Local/UnrealEngine/Common/DerivedDataCache: Writable
[2019.03.16-17.32.57:611][  0]LogDerivedDataCache: Shared data cache path not found in *engine.ini, will not use an Shared cache.
[2019.03.16-17.32.57:611][  0]LogDerivedDataCache: Unable to find inner node Shared for hierarchical cache Hierarchy.
[2019.03.16-17.32.57:646][  0]LogMaterial: Verifying Global Shaders for PCD3D_SM5
[2019.03.16-17.32.57:654][  0]LogSlate: Using FreeType 2.6.0
[2019.03.16-17.32.57:676][  0]LogSlate: SlateFontServices - WITH_FREETYPE: 1, WITH_HARFBUZZ: 1
[2019.03.16-17.32.58:051][  0]LogAssetRegistry: FAssetRegistry took 0.0380 seconds to start up
[2019.03.16-17.32.58:596][  0]LogInit: Selected Device Profile: [Windows]
[2019.03.16-17.32.59:103][  0]LogSimplygon: Simplygon DLL not present - disabling.
[2019.03.16-17.32.59:145][  0]LogMeshReduction: Using SimplygonSwarm for distributed automatic mesh merging
[2019.03.16-17.32.59:145][  0]LogMeshReduction: Using ProxyLODMeshReduction for automatic mesh merging
[2019.03.16-17.32.59:146][  0]LogMeshReduction: Using QuadricMeshReduction for automatic static mesh reduction
[2019.03.16-17.32.59:146][  0]LogMeshReduction: No automatic skeletal mesh reduction module available
[2019.03.16-17.32.59:216][  0]LogNetVersion: CenaPsyGame 1.0.0, NetCL: 4541578, EngineNetVer: 5, GameNetVer: 0 (Checksum: 3999403941)
[2019.03.16-17.33.00:532][  0]LogPackageLocalizationCache: Processed 11 localized package path(s) for 1 prioritized culture(s) in 0.070978 seconds
[2019.03.16-17.33.00:545][  0]LogUObjectArray: 39775 objects as part of root set at end of initial load.
[2019.03.16-17.33.00:545][  0]LogUObjectAllocator: 6914664 out of 0 bytes used by permanent object pool.
[2019.03.16-17.33.00:545][  0]LogUObjectArray: CloseDisregardForGC: 0/0 objects in disregard for GC pool
[2019.03.16-17.33.04:881][  0]LogTcpMessaging: Initializing TcpMessaging bridge
[2019.03.16-17.33.04:911][  0]LogUdpMessaging: Initializing bridge on interface 0.0.0.0:0 to multicast group 230.0.0.1:6666.
[2019.03.16-17.33.06:122][  0]SourceControl: Source control is disabled
[2019.03.16-17.33.06:122][  0]SourceControl: Source control is disabled
[2019.03.16-17.33.06:146][  0]SourceControl: Source control is disabled
[2019.03.16-17.33.06:162][  0]SourceControl: Source control is disabled
[2019.03.16-17.33.06:943][  0]LogAndroidPermission: UAndroidPermissionCallbackProxy::GetInstance
[2019.03.16-17.33.07:199][  0]LogOcInput: OculusInput pre-init called
[2019.03.16-17.33.07:505][  0]LogEngine: Initializing Engine...
[2019.03.16-17.33.07:508][  0]LogHMD: Failed to initialize OpenVR with code 110
[2019.03.16-17.33.07:512][  0]LogStats: UGameplayTagsManager::ConstructGameplayTagTree: ImportINI prefixes -  0.000 s
[2019.03.16-17.33.07:513][  0]LogStats: UGameplayTagsManager::ConstructGameplayTagTree: Construct from data asset -  0.000 s
[2019.03.16-17.33.07:513][  0]LogStats: UGameplayTagsManager::ConstructGameplayTagTree: ImportINI -  0.000 s
[2019.03.16-17.33.07:513][  0]LogStats: UGameplayTagsManager::ConstructGameplayTagTree: GameplayTagTreeChangedEvent.Broadcast -  0.000 s
[2019.03.16-17.33.07:846][  0]LogInit: Initializing FReadOnlyCVARCache
[2019.03.16-17.33.07:918][  0]LogAIModule: Creating AISystem for world Untitled
[2019.03.16-17.33.07:974][  0]LogInit: XAudio2 using 'Altavoces (2- USB PnP Sound Device)' : 6 channels at 48 kHz using 16 bits per sample (channel mask 0x3f)
[2019.03.16-17.33.07:995][  0]LogInit: FAudioDevice initialized.
[2019.03.16-17.33.07:995][  0]LogNetVersion: Set ProjectVersion to 1.0.0.0. Version Checksum will be recalculated on next use.
[2019.03.16-17.33.08:059][  0]LogDerivedDataCache: Saved boot cache 0.06s 81MB C:/Users/davir/AppData/Local/UnrealEngine/4.21/DerivedDataCache/Boot.ddc.
[2019.03.16-17.33.08:072][  0]LogInit: Texture streaming: Enabled
[2019.03.16-17.33.08:150][  0]LogEngineSessionManager: EngineSessionManager initialized
[2019.03.16-17.33.08:151][  0]LogEngineSessionManager: EngineSessionManager sent abnormal shutdown report. Type=AbnormalShutdown, SessionId={A4F5CF04-47C4-1D1A-B455-9EB4E4CD74F3}
[2019.03.16-17.33.08:318][  0]LogInit: Transaction tracking system initialized
[2019.03.16-17.33.08:446][  0]BlueprintLog: New page: Editor Load
[2019.03.16-17.33.08:911][  0]LocalizationService: Localization service is disabled
[2019.03.16-17.33.09:772][  0]LogFileCache: Scanning file cache for directory 'D:/Proyectos/Unreal/Git/CenaPsygame/CenaPsyGame/Content/' took 0.02s
[2019.03.16-17.33.09:772][  0]LogCook: Display: Max memory allowance for cook 16384mb min free memory 0mb
[2019.03.16-17.33.09:772][  0]LogCook: Display: Mobile HDR setting 1
[2019.03.16-17.33.09:773][  0]LogGameplayTags: Display: UGameplayTagsManager::DoneAddingNativeTags. DelegateIsBound: 0
[2019.03.16-17.33.09:774][  0]LogStats: UGameplayTagsManager::ConstructGameplayTagTree: ImportINI prefixes -  0.000 s
[2019.03.16-17.33.09:774][  0]LogStats: UGameplayTagsManager::ConstructGameplayTagTree: Construct from data asset -  0.000 s
[2019.03.16-17.33.09:774][  0]LogStats: UGameplayTagsManager::ConstructGameplayTagTree: ImportINI -  0.000 s
[2019.03.16-17.33.09:774][  0]LogStats: UGameplayTagsManager::ConstructGameplayTagTree: GameplayTagTreeChangedEvent.Broadcast -  0.000 s
[2019.03.16-17.33.10:475][  0]SourceControl: Source control is disabled
[2019.03.16-17.33.10:476][  0]Cmd: MAP LOAD FILE="../../../../../Proyectos/Unreal/Git/CenaPsygame/CenaPsyGame/Content/FirstPersonBP/Maps/FirstPersonExampleMap.umap" TEMPLATE=0 SHOWPROGRESS=1 FEATURELEVEL=3
[2019.03.16-17.33.10:479][  0]LightingResults: New page: Lighting Build
[2019.03.16-17.33.10:491][  0]MapCheck: New page: Map Check
[2019.03.16-17.33.10:491][  0]LightingResults: New page: Lighting Build
[2019.03.16-17.33.10:857][  0]LogLinker: Warning: Can't find file '/Game/FirstPersonBP/Maps/FirstPersonExampleMap_BuiltData'
[2019.03.16-17.33.10:857][  0]LogLinker: Warning: Can't find file for asset '/Game/FirstPersonBP/Maps/FirstPersonExampleMap_BuiltData' while loading ../../../../../Proyectos/Unreal/Git/CenaPsygame/CenaPsyGame/Content/FirstPersonBP/Maps/FirstPersonExampleMap.umap.
[2019.03.16-17.33.10:857][  0]LoadErrors: Error: /Game/FirstPersonBP/Maps/FirstPersonExampleMap : Can't find file for asset. /Game/FirstPersonBP/Maps/FirstPersonExampleMap_BuiltData
[2019.03.16-17.33.10:865][  0]LogLinker: Warning: Can't find file '/Game/FirstPersonBP/Maps/FirstPersonExampleMap_BuiltData'
[2019.03.16-17.33.10:865][  0]LogLinker: Warning: Can't find file for asset '/Game/FirstPersonBP/Maps/FirstPersonExampleMap_BuiltData' while loading ../../../../../Proyectos/Unreal/Git/CenaPsygame/CenaPsyGame/Content/FirstPersonBP/Maps/FirstPersonExampleMap.umap.
[2019.03.16-17.33.10:865][  0]LoadErrors: Error: /Game/FirstPersonBP/Maps/FirstPersonExampleMap : Can't find file for asset. /Game/FirstPersonBP/Maps/FirstPersonExampleMap_BuiltData
[2019.03.16-17.33.10:869][  0]LogLinker: Warning: Can't find file '/Game/FirstPersonBP/Maps/FirstPersonExampleMap_BuiltData'
[2019.03.16-17.33.10:869][  0]LogLinker: Warning: Can't find file for asset '/Game/FirstPersonBP/Maps/FirstPersonExampleMap_BuiltData' while loading NULL.
[2019.03.16-17.33.10:869][  0]LogLinker: Warning: Can't find file '/Game/FirstPersonBP/Maps/FirstPersonExampleMap_BuiltData'
[2019.03.16-17.33.10:869][  0]LogLinker: Warning: Can't find file for asset '/Game/FirstPersonBP/Maps/FirstPersonExampleMap_BuiltData' while loading NULL.
[2019.03.16-17.33.10:880][  0]LogLinker: Warning: Can't find file '/Game/FirstPersonBP/Maps/FirstPersonExampleMap_BuiltData'
[2019.03.16-17.33.10:880][  0]LoadErrors: Failed to load /Game/FirstPersonBP/Maps/FirstPersonExampleMap_BuiltData.FirstPersonExampleMap_BuiltData Referenced by PersistentLevel
[2019.03.16-17.33.10:880][  0]LogLinker: Warning: Can't find file for asset '/Game/FirstPersonBP/Maps/FirstPersonExampleMap_BuiltData' while loading NULL.
[2019.03.16-17.33.10:881][  0]LoadErrors: Failed to load /Game/FirstPersonBP/Maps/FirstPersonExampleMap_BuiltData.FirstPersonExampleMap_BuiltData Referenced by PersistentLevel
[2019.03.16-17.33.11:184][  0]LogAIModule: Creating AISystem for world FirstPersonExampleMap
[2019.03.16-17.33.11:244][  0]LogEditorServer: Finished looking for orphan Actors (0.000 secs)
[2019.03.16-17.33.11:284][  0]Cmd: MAP CHECKDEP NOCLEARLOG
[2019.03.16-17.33.11:284][  0]MapCheck: Map check complete: 0 Error(s), 0 Warning(s), took 0.289ms to complete.
[2019.03.16-17.33.11:285][  0]LogFileHelpers: Loading map 'FirstPersonExampleMap' took 0.810
[2019.03.16-17.33.11:507][  0]LogSlate: Updating window title bar state: overlay mode, drag disabled, window buttons hidden, title bar hidden
[2019.03.16-17.33.11:519][  0]LogSlate: Updating window title bar state: overlay mode, drag disabled, window buttons hidden, title bar hidden
[2019.03.16-17.33.11:528][  0]LogSlate: Updating window title bar state: overlay mode, drag disabled, window buttons hidden, title bar hidden
[2019.03.16-17.33.11:538][  0]LogSlate: Updating window title bar state: overlay mode, drag disabled, window buttons hidden, title bar hidden
[2019.03.16-17.33.11:570][  0]LogCollectionManager: Loaded 0 collections in 0.001646 seconds
[2019.03.16-17.33.11:634][  0]LogFileCache: Scanning file cache for directory 'D:/Proyectos/Unreal/Git/CenaPsygame/CenaPsyGame/Saved/Collections/' took 0.01s
[2019.03.16-17.33.11:634][  0]LogFileCache: Scanning file cache for directory 'D:/Proyectos/Unreal/Git/CenaPsygame/CenaPsyGame/Content/Developers/davir/Collections/' took 0.01s
[2019.03.16-17.33.11:634][  0]LogFileCache: Scanning file cache for directory 'D:/Proyectos/Unreal/Git/CenaPsygame/CenaPsyGame/Content/Collections/' took 0.01s
[2019.03.16-17.33.11:634][  0]LogCollectionManager: Rebuilt the GUID cache for 0 collections in 0.000000 seconds
[2019.03.16-17.33.11:651][  0]LogContentBrowser: Native class hierarchy populated in 0.0143 seconds. Added 2651 classes and 620 folders.
[2019.03.16-17.33.11:682][  0]LogContentBrowser: Native class hierarchy updated for 'WidgetCarousel' in 0.0004 seconds. Added 0 classes and 0 folders.
[2019.03.16-17.33.11:700][  0]LogPakFile: Registered encryption key '00000000000000000000000000000000': 0 pak files mounted, 0 remain pending
[2019.03.16-17.33.11:718][  0]LogPakFile: Registered encryption key '00000000000000000000000000000000': 0 pak files mounted, 0 remain pending
[2019.03.16-17.33.11:756][  0]LogPakFile: Registered encryption key '00000000000000000000000000000000': 0 pak files mounted, 0 remain pending
[2019.03.16-17.33.11:763][  0]LogPakFile: Registered encryption key '00000000000000000000000000000000': 0 pak files mounted, 0 remain pending
[2019.03.16-17.33.11:771][  0]LogPakFile: Registered encryption key '00000000000000000000000000000000': 0 pak files mounted, 0 remain pending
[2019.03.16-17.33.11:779][  0]LogPakFile: Registered encryption key '00000000000000000000000000000000': 0 pak files mounted, 0 remain pending
[2019.03.16-17.33.11:786][  0]LogPakFile: Registered encryption key '00000000000000000000000000000000': 0 pak files mounted, 0 remain pending
[2019.03.16-17.33.11:794][  0]LogPakFile: Registered encryption key '00000000000000000000000000000000': 0 pak files mounted, 0 remain pending
[2019.03.16-17.33.11:803][  0]LogPakFile: Registered encryption key '00000000000000000000000000000000': 0 pak files mounted, 0 remain pending
[2019.03.16-17.33.11:812][  0]LogPakFile: Registered encryption key '00000000000000000000000000000000': 0 pak files mounted, 0 remain pending
[2019.03.16-17.33.11:822][  0]LogPakFile: Registered encryption key '00000000000000000000000000000000': 0 pak files mounted, 0 remain pending
[2019.03.16-17.33.11:832][  0]LogPakFile: Registered encryption key '00000000000000000000000000000000': 0 pak files mounted, 0 remain pending
[2019.03.16-17.33.11:840][  0]LogPakFile: Registered encryption key '00000000000000000000000000000000': 0 pak files mounted, 0 remain pending
[2019.03.16-17.33.11:849][  0]LogPakFile: Registered encryption key '00000000000000000000000000000000': 0 pak files mounted, 0 remain pending
[2019.03.16-17.33.11:856][  0]LogPakFile: Registered encryption key '00000000000000000000000000000000': 0 pak files mounted, 0 remain pending
[2019.03.16-17.33.11:862][  0]LogPakFile: Registered encryption key '00000000000000000000000000000000': 0 pak files mounted, 0 remain pending
[2019.03.16-17.33.11:914][  0]LogPakFile: Registered encryption key '00000000000000000000000000000000': 0 pak files mounted, 0 remain pending
[2019.03.16-17.33.11:924][  0]LogPakFile: Registered encryption key '00000000000000000000000000000000': 0 pak files mounted, 0 remain pending
[2019.03.16-17.33.11:934][  0]LogPakFile: Registered encryption key '00000000000000000000000000000000': 0 pak files mounted, 0 remain pending
[2019.03.16-17.33.11:942][  0]LogPakFile: Registered encryption key '00000000000000000000000000000000': 0 pak files mounted, 0 remain pending
[2019.03.16-17.33.12:003][  0]LogPakFile: Registered encryption key '00000000000000000000000000000000': 0 pak files mounted, 0 remain pending
[2019.03.16-17.33.12:010][  0]LogPakFile: Registered encryption key '00000000000000000000000000000000': 0 pak files mounted, 0 remain pending
[2019.03.16-17.33.12:018][  0]LogPakFile: Registered encryption key '00000000000000000000000000000000': 0 pak files mounted, 0 remain pending
[2019.03.16-17.33.12:026][  0]LogPakFile: Registered encryption key '00000000000000000000000000000000': 0 pak files mounted, 0 remain pending
[2019.03.16-17.33.12:033][  0]LogPakFile: Registered encryption key '00000000000000000000000000000000': 0 pak files mounted, 0 remain pending
[2019.03.16-17.33.12:039][  0]LogPakFile: Registered encryption key '00000000000000000000000000000000': 0 pak files mounted, 0 remain pending
[2019.03.16-17.33.12:219][  0]LogContentBrowser: Native class hierarchy updated for 'AddContentDialog' in 0.0004 seconds. Added 0 classes and 0 folders.
[2019.03.16-17.33.12:255][  0]LogContentBrowser: Native class hierarchy updated for 'SceneOutliner' in 0.0003 seconds. Added 1 classes and 2 folders.
[2019.03.16-17.33.12:333][  0]LogSlate: Took 0.009045 seconds to synchronously load lazily loaded font '../../../Engine/Content/Slate/Fonts/Roboto-Regular.ttf' (155K)
[2019.03.16-17.33.12:346][  0]LogSlate: Took 0.008205 seconds to synchronously load lazily loaded font '../../../Engine/Content/Slate/Fonts/Roboto-Bold.ttf' (160K)
[2019.03.16-17.33.12:367][  0]LogSlate: Took 0.009020 seconds to synchronously load lazily loaded font '../../../Engine/Content/Editor/Slate/Fonts/FontAwesome.ttf' (139K)
[2019.03.16-17.33.12:555][  0]LogRenderer: Reallocating scene render targets to support 1176x496 Format 10 NumSamples 1 (Frame:1).
[2019.03.16-17.33.12:869][  0]LogContentBrowser: Native class hierarchy updated for 'HierarchicalLODOutliner' in 0.0003 seconds. Added 0 classes and 0 folders.
[2019.03.16-17.33.12:869][  0]LogLoad: (Engine Initialization) Total time: 29.62 seconds
[2019.03.16-17.33.12:869][  0]LogLoad: (Engine Initialization) Total Blueprint compile time: 0.00 seconds
[2019.03.16-17.33.12:956][  0]LogContentStreaming: Texture pool size now 1000 MB
[2019.03.16-17.33.13:221][  3]LogAssetRegistry: Asset discovery search completed in 15.1932 seconds
[2019.03.16-17.33.13:226][  3]LogCollectionManager: Rebuilt the object cache for 0 collections in 0.000000 seconds (found 0 objects)
[2019.03.16-17.33.13:226][  3]LogCollectionManager: Fixed up redirectors for 0 collections in 0.000538 seconds (updated 0 objects)
[2019.03.16-17.33.18:734][ 43]LogEditorViewport: Clicking on Actor (context menu): StaticMeshActor (BigWall)
[2019.03.16-17.33.18:999][ 43]LogSlate: FSceneViewport::OnFocusLost() reason 2
[2019.03.16-17.33.34:071][171]LogSlate: FSceneViewport::OnFocusLost() reason 0
[2019.03.16-17.33.34:098][171]LogSlate: Took 0.008145 seconds to synchronously load lazily loaded font '../../../Engine/Content/Slate/Fonts/Roboto-Light.ttf' (167K)
[2019.03.16-17.33.42:806][785]LogSlate: Took 0.000168 seconds to synchronously load lazily loaded font '../../../Engine/Content/Slate/Fonts/Roboto-Light.ttf' (167K)
[2019.03.16-17.33.44:532][785]LogSlate: Window 'Pick Parent Class' being destroyed
[2019.03.16-17.35.37:414][ 23]LogSavePackage: Moving '../../../../../Proyectos/Unreal/Git/CenaPsygame/CenaPsyGame/Saved/FirstPersonExampleMapEF63D97B4FCCD3D6B336B4B716DD3662.tmp' to '../../../../../Proyectos/Unreal/Git/CenaPsygame/CenaPsyGame/Content/FirstPersonBP/Maps/FirstPersonExampleMap.umap'
[2019.03.16-17.36.49:159][ 78]LogSlate: Window 'Save Content' being destroyed
[2019.03.16-17.36.49:203][ 78]Cmd: OBJ SAVEPACKAGE PACKAGE="/Game/FirstPersonBP/OlafEsUnCulero" FILE="../../../../../Proyectos/Unreal/Git/CenaPsygame/CenaPsyGame/Content/FirstPersonBP/OlafEsUnCulero.uasset" SILENT=true
[2019.03.16-17.36.49:237][ 78]LogSavePackage: Moving '../../../../../Proyectos/Unreal/Git/CenaPsygame/CenaPsyGame/Saved/OlafEsUnCuleroC4575C6C4026811E8A6DB5A0F7C5B687.tmp' to '../../../../../Proyectos/Unreal/Git/CenaPsygame/CenaPsyGame/Content/FirstPersonBP/OlafEsUnCulero.uasset'
